<?xml version="1.0" encoding="UTF-8"?>
<!-- Generated by org.testng.reporters.JUnitReportReporter -->
<testsuite hostname="LAPTOP-EEAS1CV9" failures="0" tests="1" name="TestScripts.CreateProjectAndCustomerTest" time="2.640" errors="0" timestamp="20 Jun 2024 05:54:26 GMT" skipped="0">
  <testcase classname="TestScripts.CreateProjectAndCustomerTest" name="createCustomerAndProject" time="2.640"/>
</testsuite> <!-- TestScripts.CreateProjectAndCustomerTest -->
