<?xml version="1.0" encoding="UTF-8"?>
<!-- Generated by org.testng.reporters.JUnitReportReporter -->
<testsuite hostname="LAPTOP-EEAS1CV9" failures="0" tests="1" name="TestScripts.CreateProjectAndCustomerTest" time="3.045" errors="0" timestamp="18 Jun 2024 07:51:11 GMT" skipped="0">
  <testcase classname="TestScripts.CreateProjectAndCustomerTest" name="createCustomerAndProject" time="3.045"/>
</testsuite> <!-- TestScripts.CreateProjectAndCustomerTest -->
