<?xml version="1.0" encoding="UTF-8"?>
<!-- Generated by org.testng.reporters.JUnitReportReporter -->
<testsuite hostname="LAPTOP-EEAS1CV9" failures="0" tests="5" name="dataprovider.WorkingWithDataProvider" time="9.467" errors="0" timestamp="20 Jun 2024 06:59:31 GMT" skipped="0">
  <testcase classname="dataprovider.WorkingWithDataProvider" name="loginWithDataProvider" time="1.830"/>
  <testcase classname="dataprovider.WorkingWithDataProvider" name="loginWithDataProvider" time="1.751"/>
  <testcase classname="dataprovider.WorkingWithDataProvider" name="loginWithDataProvider" time="2.377"/>
  <testcase classname="dataprovider.WorkingWithDataProvider" name="loginWithDataProvider" time="1.764"/>
  <testcase classname="dataprovider.WorkingWithDataProvider" name="loginWithDataProvider" time="1.745"/>
</testsuite> <!-- dataprovider.WorkingWithDataProvider -->
