<?xml version="1.0" encoding="UTF-8"?>
<!-- Generated by org.testng.reporters.JUnitReportReporter -->
<testsuite hostname="LAPTOP-EEAS1CV9" failures="0" tests="1" name="TestScripts.ValidLoginTest" time="1.872" errors="0" timestamp="18 Jun 2024 07:51:10 GMT" skipped="0">
  <testcase classname="TestScripts.ValidLoginTest" name="login" time="1.872"/>
</testsuite> <!-- TestScripts.ValidLoginTest -->
